#
# There is insufficient memory for the Java Runtime Environment to continue.
# Native memory allocation (malloc) failed to allocate 40976 bytes for Chunk::new
# Possible reasons:
#   The system is out of physical RAM or swap space
#   In 32 bit mode, the process size limit was hit
# Possible solutions:
#   Reduce memory load on the system
#   Increase physical memory or swap space
#   Check if swap backing store is full
#   Use 64 bit Java on a 64 bit OS
#   Decrease Java heap size (-Xmx/-Xms)
#   Decrease number of Java threads
#   Decrease Java thread stack sizes (-Xss)
#   Set larger code cache with -XX:ReservedCodeCacheSize=
# This output file may be truncated or incomplete.
#
#  Out of Memory Error (allocation.cpp:390), pid=4592, tid=0x0000000000001cf4
#
# JRE version: Java(TM) SE Runtime Environment (8.0_151-b12) (build 1.8.0_151-b12)
# Java VM: Java HotSpot(TM) 64-Bit Server VM (25.151-b12 mixed mode windows-amd64 compressed oops)
# Failed to write core dump. Minidumps are not enabled by default on client versions of Windows
#

---------------  T H R E A D  ---------------

Current thread (0x00000000151eb800):  JavaThread "C1 CompilerThread2" daemon [_thread_in_native, id=7412, stack(0x0000000016af0000,0x0000000016bf0000)]

Stack: [0x0000000016af0000,0x0000000016bf0000]
[error occurred during error reporting (printing stack bounds), id 0xc0000005]

Native frames: (J=compiled Java code, j=interpreted, Vv=VM code, C=native code)


Current CompileTask:
C1:  16216 4217   !   3       com.sun.javafx.tk.quantum.PresentingPainter::run (675 bytes)


---------------  P R O C E S S  ---------------

Java Threads: ( => current thread )
  0x00000000177df000 JavaThread "Abandoned connection cleanup thread" daemon [_thread_blocked, id=5740, stack(0x000000001b4d0000,0x000000001b5d0000)]
  0x0000000017857800 JavaThread "Prism Font Disposer" daemon [_thread_blocked, id=5808, stack(0x000000001b3d0000,0x000000001b4d0000)]
  0x00000000172a9800 JavaThread "Thread-3" daemon [_thread_in_native, id=3856, stack(0x00000000196e0000,0x00000000197e0000)]
  0x0000000017280800 JavaThread "JavaFX-Launcher" [_thread_blocked, id=4584, stack(0x00000000197e0000,0x00000000198e0000)]
  0x0000000017264800 JavaThread "JavaFX Application Thread" [_thread_in_Java, id=7304, stack(0x0000000017e10000,0x0000000017f10000)]
  0x0000000017211800 JavaThread "Thread-1" daemon [_thread_blocked, id=6568, stack(0x0000000017d10000,0x0000000017e10000)]
  0x0000000016fe6000 JavaThread "QuantumRenderer-0" daemon [_thread_in_Java, id=5472, stack(0x00000000179f0000,0x0000000017af0000)]
  0x0000000016c1a800 JavaThread "Service Thread" daemon [_thread_blocked, id=7096, stack(0x0000000016ff0000,0x00000000170f0000)]
=>0x00000000151eb800 JavaThread "C1 CompilerThread2" daemon [_thread_in_native, id=7412, stack(0x0000000016af0000,0x0000000016bf0000)]
  0x00000000151e6800 JavaThread "C2 CompilerThread1" daemon [_thread_blocked, id=8872, stack(0x00000000169f0000,0x0000000016af0000)]
  0x00000000151e4800 JavaThread "C2 CompilerThread0" daemon [_thread_blocked, id=7212, stack(0x00000000168f0000,0x00000000169f0000)]
  0x00000000151df800 JavaThread "Attach Listener" daemon [_thread_blocked, id=6332, stack(0x00000000167f0000,0x00000000168f0000)]
  0x00000000151dc000 JavaThread "Signal Dispatcher" daemon [_thread_blocked, id=2332, stack(0x00000000166f0000,0x00000000167f0000)]
  0x0000000002bdc000 JavaThread "Finalizer" daemon [_thread_blocked, id=5296, stack(0x0000000016430000,0x0000000016530000)]
  0x00000000151a9000 JavaThread "Reference Handler" daemon [_thread_blocked, id=8580, stack(0x0000000016330000,0x0000000016430000)]
  0x0000000002ae2800 JavaThread "main" [_thread_blocked, id=7316, stack(0x0000000002700000,0x0000000002800000)]

Other Threads:
  0x00000000151a8000 VMThread [stack: 0x0000000016230000,0x0000000016330000] [id=856]
  0x0000000015205800 WatcherThread [stack: 0x00000000170f0000,0x00000000171f0000] [id=4712]

VM state:not at safepoint (normal execution)

VM Mutex/Monitor currently owned by a thread: None

Heap:
 PSYoungGen      total 30720K, used 13499K [0x00000000eb400000, 0x00000000ee080000, 0x0000000100000000)
  eden space 22016K, 21% used [0x00000000eb400000,0x00000000eb8b6ca0,0x00000000ec980000)
  from space 8704K, 99% used [0x00000000ed400000,0x00000000edc78150,0x00000000edc80000)
  to   space 10752K, 0% used [0x00000000ec980000,0x00000000ec980000,0x00000000ed400000)
 ParOldGen       total 41984K, used 13309K [0x00000000c1c00000, 0x00000000c4500000, 0x00000000eb400000)
  object space 41984K, 31% used [0x00000000c1c00000,0x00000000c28ff610,0x00000000c4500000)
 Metaspace       used 24502K, capacity 25682K, committed 25904K, reserved 1071104K
  class space    used 3308K, capacity 3569K, committed 3632K, reserved 1048576K

Card table byte_map: [0x0000000011fb0000,0x00000000121b0000] byte_map_base: 0x00000000119a2000

Marking Bits: (ParMarkBitMap*) 0x000000005a5cd850
 Begin Bits: [0x0000000012700000, 0x0000000013690000)
 End Bits:   [0x0000000013690000, 0x0000000014620000)

Polling page: 0x0000000002680000

CodeCache: size=245760Kb used=13264Kb max_used=13264Kb free=232495Kb
 bounds [0x0000000002bf0000, 0x00000000038f0000, 0x0000000011bf0000]
 total_blobs=4936 nmethods=4186 adapters=661
 compilation: enabled

Compilation events (10 events):
Event: 16.193 Thread 0x00000000151eb800 nmethod 4211 0x00000000038eb150 code [0x00000000038eb2e0, 0x00000000038eb6e8]
Event: 16.193 Thread 0x00000000151eb800 4205       3       com.sun.glass.ui.View::getWidth (8 bytes)
Event: 16.193 Thread 0x00000000151eb800 nmethod 4205 0x00000000038e2250 code [0x00000000038e23c0, 0x00000000038e2548]
Event: 16.193 Thread 0x00000000151eb800 4208       3       com.sun.javafx.tk.quantum.ViewScene::isSynchronous (23 bytes)
Event: 16.193 Thread 0x00000000151eb800 nmethod 4208 0x00000000038eb850 code [0x00000000038eb9c0, 0x00000000038ebc90]
Event: 16.193 Thread 0x00000000151eb800 4214       3       com.sun.javafx.tk.quantum.ViewScene::repaint (30 bytes)
Event: 16.194 Thread 0x00000000151eb800 nmethod 4214 0x00000000038ebd10 code [0x00000000038ebec0, 0x00000000038ec628]
Event: 16.194 Thread 0x00000000151eb800 4216       3       com.sun.javafx.runtime.SystemProperties::isDebug (4 bytes)
Event: 16.194 Thread 0x00000000151eb800 nmethod 4216 0x00000000038ec8d0 code [0x00000000038eca20, 0x00000000038ecb70]
Event: 16.194 Thread 0x00000000151eb800 4217   !   3       com.sun.javafx.tk.quantum.PresentingPainter::run (675 bytes)

GC Heap History (10 events):
Event: 5.855 GC heap before
{Heap before GC invocations=3 (full 0):
 PSYoungGen      total 18944K, used 18912K [0x00000000eb400000, 0x00000000ec900000, 0x0000000100000000)
  eden space 16384K, 100% used [0x00000000eb400000,0x00000000ec400000,0x00000000ec400000)
  from space 2560K, 98% used [0x00000000ec680000,0x00000000ec8f8010,0x00000000ec900000)
  to   space 2560K, 0% used [0x00000000ec400000,0x00000000ec400000,0x00000000ec680000)
 ParOldGen       total 44032K, used 4871K [0x00000000c1c00000, 0x00000000c4700000, 0x00000000eb400000)
  object space 44032K, 11% used [0x00000000c1c00000,0x00000000c20c1dd8,0x00000000c4700000)
 Metaspace       used 18632K, capacity 19242K, committed 19584K, reserved 1067008K
  class space    used 2451K, capacity 2629K, committed 2688K, reserved 1048576K
Event: 5.865 GC heap after
Heap after GC invocations=3 (full 0):
 PSYoungGen      total 18944K, used 2544K [0x00000000eb400000, 0x00000000ec900000, 0x0000000100000000)
  eden space 16384K, 0% used [0x00000000eb400000,0x00000000eb400000,0x00000000ec400000)
  from space 2560K, 99% used [0x00000000ec400000,0x00000000ec67c070,0x00000000ec680000)
  to   space 2560K, 0% used [0x00000000ec680000,0x00000000ec680000,0x00000000ec900000)
 ParOldGen       total 44032K, used 9773K [0x00000000c1c00000, 0x00000000c4700000, 0x00000000eb400000)
  object space 44032K, 22% used [0x00000000c1c00000,0x00000000c258b758,0x00000000c4700000)
 Metaspace       used 18632K, capacity 19242K, committed 19584K, reserved 1067008K
  class space    used 2451K, capacity 2629K, committed 2688K, reserved 1048576K
}
Event: 6.102 GC heap before
{Heap before GC invocations=4 (full 0):
 PSYoungGen      total 18944K, used 9330K [0x00000000eb400000, 0x00000000ec900000, 0x0000000100000000)
  eden space 16384K, 41% used [0x00000000eb400000,0x00000000ebaa0900,0x00000000ec400000)
  from space 2560K, 99% used [0x00000000ec400000,0x00000000ec67c070,0x00000000ec680000)
  to   space 2560K, 0% used [0x00000000ec680000,0x00000000ec680000,0x00000000ec900000)
 ParOldGen       total 44032K, used 9773K [0x00000000c1c00000, 0x00000000c4700000, 0x00000000eb400000)
  object space 44032K, 22% used [0x00000000c1c00000,0x00000000c258b758,0x00000000c4700000)
 Metaspace       used 20537K, capacity 21232K, committed 21296K, reserved 1067008K
  class space    used 2875K, capacity 3074K, committed 3120K, reserved 1048576K
Event: 6.109 GC heap after
Heap after GC invocations=4 (full 0):
 PSYoungGen      total 18944K, used 2544K [0x00000000eb400000, 0x00000000ed900000, 0x0000000100000000)
  eden space 16384K, 0% used [0x00000000eb400000,0x00000000eb400000,0x00000000ec400000)
  from space 2560K, 99% used [0x00000000ec680000,0x00000000ec8fc070,0x00000000ec900000)
  to   space 2560K, 0% used [0x00000000ec400000,0x00000000ec400000,0x00000000ec680000)
 ParOldGen       total 44032K, used 10671K [0x00000000c1c00000, 0x00000000c4700000, 0x00000000eb400000)
  object space 44032K, 24% used [0x00000000c1c00000,0x00000000c266bc20,0x00000000c4700000)
 Metaspace       used 20537K, capacity 21232K, committed 21296K, reserved 1067008K
  class space    used 2875K, capacity 3074K, committed 3120K, reserved 1048576K
}
Event: 6.109 GC heap before
{Heap before GC invocations=5 (full 1):
 PSYoungGen      total 18944K, used 2544K [0x00000000eb400000, 0x00000000ed900000, 0x0000000100000000)
  eden space 16384K, 0% used [0x00000000eb400000,0x00000000eb400000,0x00000000ec400000)
  from space 2560K, 99% used [0x00000000ec680000,0x00000000ec8fc070,0x00000000ec900000)
  to   space 2560K, 0% used [0x00000000ec400000,0x00000000ec400000,0x00000000ec680000)
 ParOldGen       total 44032K, used 10671K [0x00000000c1c00000, 0x00000000c4700000, 0x00000000eb400000)
  object space 44032K, 24% used [0x00000000c1c00000,0x00000000c266bc20,0x00000000c4700000)
 Metaspace       used 20537K, capacity 21232K, committed 21296K, reserved 1067008K
  class space    used 2875K, capacity 3074K, committed 3120K, reserved 1048576K
Event: 6.170 GC heap after
Heap after GC invocations=5 (full 1):
 PSYoungGen      total 18944K, used 0K [0x00000000eb400000, 0x00000000ed900000, 0x0000000100000000)
  eden space 16384K, 0% used [0x00000000eb400000,0x00000000eb400000,0x00000000ec400000)
  from space 2560K, 0% used [0x00000000ec680000,0x00000000ec680000,0x00000000ec900000)
  to   space 2560K, 0% used [0x00000000ec400000,0x00000000ec400000,0x00000000ec680000)
 ParOldGen       total 41984K, used 10286K [0x00000000c1c00000, 0x00000000c4500000, 0x00000000eb400000)
  object space 41984K, 24% used [0x00000000c1c00000,0x00000000c260b9b8,0x00000000c4500000)
 Metaspace       used 20537K, capacity 21232K, committed 21296K, reserved 1067008K
  class space    used 2875K, capacity 3074K, committed 3120K, reserved 1048576K
}
Event: 13.834 GC heap before
{Heap before GC invocations=6 (full 1):
 PSYoungGen      total 18944K, used 16384K [0x00000000eb400000, 0x00000000ed900000, 0x0000000100000000)
  eden space 16384K, 100% used [0x00000000eb400000,0x00000000ec400000,0x00000000ec400000)
  from space 2560K, 0% used [0x00000000ec680000,0x00000000ec680000,0x00000000ec900000)
  to   space 2560K, 0% used [0x00000000ec400000,0x00000000ec400000,0x00000000ec680000)
 ParOldGen       total 41984K, used 10286K [0x00000000c1c00000, 0x00000000c4500000, 0x00000000eb400000)
  object space 41984K, 24% used [0x00000000c1c00000,0x00000000c260b9b8,0x00000000c4500000)
 Metaspace       used 23184K, capacity 24326K, committed 24496K, reserved 1071104K
  class space    used 3203K, capacity 3425K, committed 3504K, reserved 1048576K
Event: 13.839 GC heap after
Heap after GC invocations=6 (full 1):
 PSYoungGen      total 18944K, used 2528K [0x00000000eb400000, 0x00000000edc80000, 0x0000000100000000)
  eden space 16384K, 0% used [0x00000000eb400000,0x00000000eb400000,0x00000000ec400000)
  from space 2560K, 98% used [0x00000000ec400000,0x00000000ec678010,0x00000000ec680000)
  to   space 8704K, 0% used [0x00000000ed400000,0x00000000ed400000,0x00000000edc80000)
 ParOldGen       total 41984K, used 12720K [0x00000000c1c00000, 0x00000000c4500000, 0x00000000eb400000)
  object space 41984K, 30% used [0x00000000c1c00000,0x00000000c286c370,0x00000000c4500000)
 Metaspace       used 23184K, capacity 24326K, committed 24496K, reserved 1071104K
  class space    used 3203K, capacity 3425K, committed 3504K, reserved 1048576K
}
Event: 16.059 GC heap before
{Heap before GC invocations=7 (full 1):
 PSYoungGen      total 18944K, used 18007K [0x00000000eb400000, 0x00000000edc80000, 0x0000000100000000)
  eden space 16384K, 94% used [0x00000000eb400000,0x00000000ec31deb8,0x00000000ec400000)
  from space 2560K, 98% used [0x00000000ec400000,0x00000000ec678010,0x00000000ec680000)
  to   space 8704K, 0% used [0x00000000ed400000,0x00000000ed400000,0x00000000edc80000)
 ParOldGen       total 41984K, used 12720K [0x00000000c1c00000, 0x00000000c4500000, 0x00000000eb400000)
  object space 41984K, 30% used [0x00000000c1c00000,0x00000000c286c370,0x00000000c4500000)
 Metaspace       used 24391K, capacity 25530K, committed 25648K, reserved 1071104K
  class space    used 3307K, capacity 3567K, committed 3632K, reserved 1048576K
Event: 16.074 GC heap after
Heap after GC invocations=7 (full 1):
 PSYoungGen      total 30720K, used 8672K [0x00000000eb400000, 0x00000000ee080000, 0x0000000100000000)
  eden space 22016K, 0% used [0x00000000eb400000,0x00000000eb400000,0x00000000ec980000)
  from space 8704K, 99% used [0x00000000ed400000,0x00000000edc78150,0x00000000edc80000)
  to   space 10752K, 0% used [0x00000000ec980000,0x00000000ec980000,0x00000000ed400000)
 ParOldGen       total 41984K, used 13309K [0x00000000c1c00000, 0x00000000c4500000, 0x00000000eb400000)
  object space 41984K, 31% used [0x00000000c1c00000,0x00000000c28ff610,0x00000000c4500000)
 Metaspace       used 24391K, capacity 25530K, committed 25648K, reserved 1071104K
  class space    used 3307K, capacity 3567K, committed 3632K, reserved 1048576K
}

Deoptimization events (10 events):
Event: 14.140 Thread 0x0000000017264800 Uncommon trap: reason=unstable_if action=reinterpret pc=0x0000000003261700 method=javafx.scene.CssStyleHelper.getStyle(Ljavafx/css/Styleable;Ljava/lang/String;Lcom/sun/javafx/css/StyleMap;Ljava/util/Set;)Lcom/sun/javafx/css/CascadingStyle; @ 1
Event: 14.141 Thread 0x0000000017264800 Uncommon trap: reason=unstable_if action=reinterpret pc=0x000000000340e370 method=javafx.scene.CssStyleHelper.getStyleMap(Ljavafx/css/Styleable;)Lcom/sun/javafx/css/StyleMap; @ 4
Event: 14.285 Thread 0x0000000017264800 Uncommon trap: reason=unstable_if action=reinterpret pc=0x00000000034ee6b0 method=javafx.scene.Node.updateLocalToParentTransform()V @ 22
Event: 14.456 Thread 0x0000000016fe6000 Uncommon trap: reason=unstable_if action=reinterpret pc=0x0000000003802e3c method=com.sun.javafx.geom.transform.AffineBase.translate(DD)V @ 438
Event: 14.460 Thread 0x0000000016fe6000 Uncommon trap: reason=class_check action=maybe_recompile pc=0x0000000003406b54 method=java.util.WeakHashMap.eq(Ljava/lang/Object;Ljava/lang/Object;)Z @ 7
Event: 14.460 Thread 0x0000000016fe6000 Uncommon trap: reason=class_check action=maybe_recompile pc=0x0000000003406b54 method=java.util.WeakHashMap.eq(Ljava/lang/Object;Ljava/lang/Object;)Z @ 7
Event: 14.462 Thread 0x0000000016fe6000 Uncommon trap: reason=class_check action=maybe_recompile pc=0x0000000003406b54 method=java.util.WeakHashMap.eq(Ljava/lang/Object;Ljava/lang/Object;)Z @ 7
Event: 14.505 Thread 0x0000000016fe6000 Uncommon trap: reason=unstable_if action=reinterpret pc=0x0000000003557d0c method=com.sun.javafx.geom.transform.AffineBase.updateState2D()V @ 6
Event: 15.310 Thread 0x0000000017264800 Uncommon trap: reason=unstable_if action=reinterpret pc=0x0000000003780850 method=com.sun.javafx.css.SimpleSelector.stateMatches(Ljavafx/css/Styleable;Ljava/util/Set;)Z @ 1
Event: 16.151 Thread 0x0000000017264800 Uncommon trap: reason=predicate action=maybe_recompile pc=0x000000000386632c method=java.util.ArrayList.remove(Ljava/lang/Object;)Z @ 49

Internal exceptions (10 events):
Event: 1.797 Thread 0x0000000017264800 Implicit null exception at 0x0000000002e6b396 to 0x0000000002e6b731
Event: 2.192 Thread 0x0000000017264800 Implicit null exception at 0x0000000002f01975 to 0x0000000002f01b85
Event: 2.192 Thread 0x0000000017264800 Implicit null exception at 0x0000000002ed81d8 to 0x0000000002ed8266
Event: 6.391 Thread 0x0000000016fe6000 Implicit null exception at 0x0000000003135141 to 0x0000000003135455
Event: 13.759 Thread 0x0000000017264800 Exception <a 'java/lang/ArrayIndexOutOfBoundsException'> (0x00000000ec1bdc68) thrown at [C:\re\workspace\8-2-build-windows-amd64-cygwin\jdk8u151\9699\hotspot\src\share\vm\runtime\sharedRuntime.cpp, line 605]
Event: 13.759 Thread 0x0000000017264800 Exception <a 'java/lang/ArrayIndexOutOfBoundsException'> (0x00000000ec1bf2c8) thrown at [C:\re\workspace\8-2-build-windows-amd64-cygwin\jdk8u151\9699\hotspot\src\share\vm\runtime\sharedRuntime.cpp, line 605]
Event: 14.140 Thread 0x0000000017264800 Implicit null exception at 0x0000000003480bf0 to 0x000000000348132d
Event: 14.140 Thread 0x0000000017264800 Implicit null exception at 0x0000000003260eda to 0x00000000032616e9
Event: 14.141 Thread 0x0000000017264800 Implicit null exception at 0x000000000340c7c1 to 0x000000000340e351
Event: 15.310 Thread 0x0000000017264800 Implicit null exception at 0x00000000037801a6 to 0x0000000003780825

Events (10 events):
Event: 16.149 loading class carwashsystem/closeform/FormClose done
Event: 16.151 Thread 0x0000000017264800 Uncommon trap: trap_request=0xffffff86 fr.pc=0x000000000386632c
Event: 16.151 Thread 0x0000000017264800 DEOPT PACKING pc=0x000000000386632c sp=0x0000000017f0b960
Event: 16.151 Thread 0x0000000017264800 DEOPT UNPACKING pc=0x0000000002c3582a sp=0x0000000017f0b928 mode 2
Event: 16.151 loading class com/sun/prism/GraphicsResource
Event: 16.151 loading class com/sun/prism/GraphicsResource done
Event: 16.152 loading class com/sun/prism/GraphicsResource
Event: 16.152 loading class com/sun/prism/GraphicsResource done
Event: 16.158 Executing VM operation: RevokeBias
Event: 16.158 Executing VM operation: RevokeBias done


Dynamic libraries:
0x000007f6214e0000 - 0x000007f621517000 	C:\Program Files\Java\jdk1.8.0_151\jre\bin\java.exe
0x000007fb51c60000 - 0x000007fb51e1e000 	C:\windows\SYSTEM32\ntdll.dll
0x000007fb517d0000 - 0x000007fb51907000 	C:\windows\system32\KERNEL32.DLL
0x000007fb4ef30000 - 0x000007fb4f024000 	C:\windows\system32\KERNELBASE.dll
0x000007fb4f360000 - 0x000007fb4f43e000 	C:\windows\system32\ADVAPI32.dll
0x000007fb4fd70000 - 0x000007fb4febc000 	C:\windows\system32\USER32.dll
0x000007fb4c270000 - 0x000007fb4c4da000 	C:\windows\WinSxS\amd64_microsoft.windows.common-controls_6595b64144ccf1df_6.0.9200.17359_none_4188b989718cf1c6\COMCTL32.dll
0x000007fb4ff30000 - 0x000007fb4ffd5000 	C:\windows\system32\msvcrt.dll
0x000007fb4f600000 - 0x000007fb4f648000 	C:\windows\SYSTEM32\sechost.dll
0x000007fb4fc00000 - 0x000007fb4fd45000 	C:\windows\system32\RPCRT4.dll
0x000007fb4f4b0000 - 0x000007fb4f5f1000 	C:\windows\system32\GDI32.dll
0x000007fb4f180000 - 0x000007fb4f1b9000 	C:\windows\system32\IMM32.DLL
0x000007fb51910000 - 0x000007fb51a25000 	C:\windows\system32\MSCTF.dll
0x0000000059cd0000 - 0x0000000059da2000 	C:\Program Files\Java\jdk1.8.0_151\jre\bin\msvcr100.dll
0x0000000059db0000 - 0x000000005a64d000 	C:\Program Files\Java\jdk1.8.0_151\jre\bin\server\jvm.dll
0x000007fb471a0000 - 0x000007fb471a9000 	C:\windows\SYSTEM32\WSOCK32.dll
0x000007fb49d40000 - 0x000007fb49d60000 	C:\windows\SYSTEM32\WINMM.dll
0x000007fb46ec0000 - 0x000007fb46ec9000 	C:\windows\SYSTEM32\VERSION.dll
0x000007fb50340000 - 0x000007fb50347000 	C:\windows\system32\PSAPI.DLL
0x000007fb4f6a0000 - 0x000007fb4f6f8000 	C:\windows\system32\WS2_32.dll
0x000007fb49d00000 - 0x000007fb49d33000 	C:\windows\SYSTEM32\WINMMBASE.dll
0x000007fb4f4a0000 - 0x000007fb4f4a9000 	C:\windows\system32\NSI.dll
0x000007fb4ee30000 - 0x000007fb4ee7f000 	C:\windows\SYSTEM32\cfgmgr32.dll
0x000007fb4ebc0000 - 0x000007fb4ebe2000 	C:\windows\system32\DEVOBJ.dll
0x0000000059c80000 - 0x0000000059c8f000 	C:\Program Files\Java\jdk1.8.0_151\jre\bin\verify.dll
0x0000000059c50000 - 0x0000000059c79000 	C:\Program Files\Java\jdk1.8.0_151\jre\bin\java.dll
0x0000000059c30000 - 0x0000000059c46000 	C:\Program Files\Java\jdk1.8.0_151\jre\bin\zip.dll
0x000007fb504e0000 - 0x000007fb517c5000 	C:\windows\system32\SHELL32.dll
0x000007fb4f880000 - 0x000007fb4fa30000 	C:\windows\SYSTEM32\combase.dll
0x000007fb4f650000 - 0x000007fb4f6a0000 	C:\windows\system32\SHLWAPI.dll
0x000007fb4cab0000 - 0x000007fb4cb46000 	C:\windows\SYSTEM32\SHCORE.dll
0x000007fb4eb80000 - 0x000007fb4eb95000 	C:\windows\system32\profapi.dll
0x000007fb4c7c0000 - 0x000007fb4c7c3000 	C:\Program Files\Java\jdk1.8.0_151\jre\bin\api-ms-win-core-console-l1-1-0.dll
0x000007fb4a910000 - 0x000007fb4a913000 	C:\Program Files\Java\jdk1.8.0_151\jre\bin\api-ms-win-core-datetime-l1-1-0.dll
0x000007fb4a090000 - 0x000007fb4a093000 	C:\Program Files\Java\jdk1.8.0_151\jre\bin\api-ms-win-core-debug-l1-1-0.dll
0x000007fb4a080000 - 0x000007fb4a083000 	C:\Program Files\Java\jdk1.8.0_151\jre\bin\api-ms-win-core-errorhandling-l1-1-0.dll
0x000007fb4a060000 - 0x000007fb4a064000 	C:\Program Files\Java\jdk1.8.0_151\jre\bin\api-ms-win-core-file-l1-1-0.dll
0x000007fb48ff0000 - 0x000007fb48ff3000 	C:\Program Files\Java\jdk1.8.0_151\jre\bin\api-ms-win-core-file-l1-2-0.dll
0x000007fb48fe0000 - 0x000007fb48fe3000 	C:\Program Files\Java\jdk1.8.0_151\jre\bin\api-ms-win-core-file-l2-1-0.dll
0x000007fb48fd0000 - 0x000007fb48fd3000 	C:\Program Files\Java\jdk1.8.0_151\jre\bin\api-ms-win-core-handle-l1-1-0.dll
0x000007fb48fc0000 - 0x000007fb48fc3000 	C:\Program Files\Java\jdk1.8.0_151\jre\bin\api-ms-win-core-heap-l1-1-0.dll
0x000007fb48c00000 - 0x000007fb48c03000 	C:\Program Files\Java\jdk1.8.0_151\jre\bin\api-ms-win-core-interlocked-l1-1-0.dll
0x000007fb48570000 - 0x000007fb48573000 	C:\Program Files\Java\jdk1.8.0_151\jre\bin\api-ms-win-core-libraryloader-l1-1-0.dll
0x000007fb48550000 - 0x000007fb48553000 	C:\Program Files\Java\jdk1.8.0_151\jre\bin\api-ms-win-core-localization-l1-2-0.dll
0x000007fb484e0000 - 0x000007fb484e3000 	C:\Program Files\Java\jdk1.8.0_151\jre\bin\api-ms-win-core-memory-l1-1-0.dll
0x000007fb484d0000 - 0x000007fb484d3000 	C:\Program Files\Java\jdk1.8.0_151\jre\bin\api-ms-win-core-namedpipe-l1-1-0.dll
0x000007fb48480000 - 0x000007fb48483000 	C:\Program Files\Java\jdk1.8.0_151\jre\bin\api-ms-win-core-processenvironment-l1-1-0.dll
0x000007fb48300000 - 0x000007fb48303000 	C:\Program Files\Java\jdk1.8.0_151\jre\bin\api-ms-win-core-processthreads-l1-1-0.dll
0x000007fb482f0000 - 0x000007fb482f3000 	C:\Program Files\Java\jdk1.8.0_151\jre\bin\api-ms-win-core-processthreads-l1-1-1.dll
0x000007fb43260000 - 0x000007fb43263000 	C:\Program Files\Java\jdk1.8.0_151\jre\bin\api-ms-win-core-profile-l1-1-0.dll
0x000007fb42e70000 - 0x000007fb42e73000 	C:\Program Files\Java\jdk1.8.0_151\jre\bin\api-ms-win-core-rtlsupport-l1-1-0.dll
0x000007fb42e60000 - 0x000007fb42e63000 	C:\Program Files\Java\jdk1.8.0_151\jre\bin\api-ms-win-core-string-l1-1-0.dll
0x000007fb42e50000 - 0x000007fb42e53000 	C:\Program Files\Java\jdk1.8.0_151\jre\bin\api-ms-win-core-synch-l1-1-0.dll
0x000007fb42ad0000 - 0x000007fb42ad3000 	C:\Program Files\Java\jdk1.8.0_151\jre\bin\api-ms-win-core-synch-l1-2-0.dll
0x000007fb42980000 - 0x000007fb42983000 	C:\Program Files\Java\jdk1.8.0_151\jre\bin\api-ms-win-core-sysinfo-l1-1-0.dll
0x000007fb42970000 - 0x000007fb42973000 	C:\Program Files\Java\jdk1.8.0_151\jre\bin\api-ms-win-core-timezone-l1-1-0.dll
0x000007fb42960000 - 0x000007fb42963000 	C:\Program Files\Java\jdk1.8.0_151\jre\bin\api-ms-win-core-util-l1-1-0.dll
0x000007fb42950000 - 0x000007fb42953000 	C:\Program Files\Java\jdk1.8.0_151\jre\bin\api-ms-win-crt-conio-l1-1-0.dll
0x000007fb42850000 - 0x000007fb42854000 	C:\Program Files\Java\jdk1.8.0_151\jre\bin\api-ms-win-crt-convert-l1-1-0.dll
0x000007fb42840000 - 0x000007fb42843000 	C:\Program Files\Java\jdk1.8.0_151\jre\bin\api-ms-win-crt-environment-l1-1-0.dll
0x000007fb42830000 - 0x000007fb42833000 	C:\Program Files\Java\jdk1.8.0_151\jre\bin\api-ms-win-crt-filesystem-l1-1-0.dll
0x000007fb42820000 - 0x000007fb42823000 	C:\Program Files\Java\jdk1.8.0_151\jre\bin\api-ms-win-crt-heap-l1-1-0.dll
0x000007fb42240000 - 0x000007fb42243000 	C:\Program Files\Java\jdk1.8.0_151\jre\bin\api-ms-win-crt-locale-l1-1-0.dll
0x000007fb42230000 - 0x000007fb42235000 	C:\Program Files\Java\jdk1.8.0_151\jre\bin\api-ms-win-crt-math-l1-1-0.dll
0x000007fb42220000 - 0x000007fb42225000 	C:\Program Files\Java\jdk1.8.0_151\jre\bin\api-ms-win-crt-multibyte-l1-1-0.dll
0x000007fb42210000 - 0x000007fb42220000 	C:\Program Files\Java\jdk1.8.0_151\jre\bin\api-ms-win-crt-private-l1-1-0.dll
0x000007fb420b0000 - 0x000007fb420b3000 	C:\Program Files\Java\jdk1.8.0_151\jre\bin\api-ms-win-crt-process-l1-1-0.dll
0x000007fb42000000 - 0x000007fb42004000 	C:\Program Files\Java\jdk1.8.0_151\jre\bin\api-ms-win-crt-runtime-l1-1-0.dll
0x000007fb41ff0000 - 0x000007fb41ff4000 	C:\Program Files\Java\jdk1.8.0_151\jre\bin\api-ms-win-crt-stdio-l1-1-0.dll
0x000007fb41dc0000 - 0x000007fb41dc4000 	C:\Program Files\Java\jdk1.8.0_151\jre\bin\api-ms-win-crt-string-l1-1-0.dll
0x000007fb41db0000 - 0x000007fb41db3000 	C:\Program Files\Java\jdk1.8.0_151\jre\bin\api-ms-win-crt-time-l1-1-0.dll
0x000007fb41da0000 - 0x000007fb41da3000 	C:\Program Files\Java\jdk1.8.0_151\jre\bin\api-ms-win-crt-utility-l1-1-0.dll
0x000007fb38fa0000 - 0x000007fb39096000 	C:\Program Files\Java\jdk1.8.0_151\jre\bin\ucrtbase.dll
0x000007fb41c80000 - 0x000007fb41cd1000 	C:\Program Files\Java\jdk1.8.0_151\jre\bin\concrt140.dll
0x000007fb3c570000 - 0x000007fb3c60c000 	C:\Program Files\Java\jdk1.8.0_151\jre\bin\MSVCP140.dll
0x000007fb41d80000 - 0x000007fb41d96000 	C:\Program Files\Java\jdk1.8.0_151\jre\bin\VCRUNTIME140.dll
0x0000000058dc0000 - 0x0000000058de3000 	C:\Program Files\Java\jdk1.8.0_151\jre\bin\prism_d3d.dll
0x000007fb37950000 - 0x000007fb37b50000 	C:\windows\system32\d3d9.dll
0x000007fb4d160000 - 0x000007fb4d181000 	C:\windows\SYSTEM32\dwmapi.dll
0x000007fb4d970000 - 0x000007fb4da56000 	C:\windows\system32\uxtheme.dll
0x000007fb32070000 - 0x000007fb32c15000 	C:\windows\SYSTEM32\igdumdim64.dll
0x000007fb4b870000 - 0x000007fb4bcb4000 	C:\windows\SYSTEM32\igdusc64.dll
0x0000000058d70000 - 0x0000000058db9000 	C:\Program Files\Java\jdk1.8.0_151\jre\bin\glass.dll
0x000007fb4f0d0000 - 0x000007fb4f171000 	C:\windows\system32\COMDLG32.dll
0x000007fb50360000 - 0x000007fb504de000 	C:\windows\system32\ole32.dll
0x000007fb50270000 - 0x000007fb50333000 	C:\windows\system32\OLEAUT32.dll
0x000007fb4e910000 - 0x000007fb4e91a000 	C:\windows\SYSTEM32\CRYPTBASE.dll
0x000007fb4e8b0000 - 0x000007fb4e90d000 	C:\windows\SYSTEM32\bcryptPrimitives.dll
0x0000000058d50000 - 0x0000000058d64000 	C:\Program Files\Java\jdk1.8.0_151\jre\bin\javafx_font.dll
0x000007fb4afa0000 - 0x000007fb4b166000 	C:\windows\SYSTEM32\dwrite.dll
0x000007fb4e370000 - 0x000007fb4e38a000 	C:\windows\SYSTEM32\CRYPTSP.dll
0x000007fb4dfb0000 - 0x000007fb4dffb000 	C:\windows\system32\rsaenh.dll
0x000007fb4eba0000 - 0x000007fb4ebbf000 	C:\windows\system32\USERENV.dll
0x0000000059c10000 - 0x0000000059c2a000 	C:\Program Files\Java\jdk1.8.0_151\jre\bin\net.dll
0x000007fb4e310000 - 0x000007fb4e36c000 	C:\windows\system32\mswsock.dll
0x000007fb49c70000 - 0x000007fb49c9a000 	C:\windows\SYSTEM32\IPHLPAPI.DLL
0x000007fb49c50000 - 0x000007fb49c5a000 	C:\windows\SYSTEM32\WINNSI.DLL
0x000007fb495f0000 - 0x000007fb49603000 	C:\windows\SYSTEM32\dhcpcsvc6.DLL
0x000007fb49670000 - 0x000007fb49688000 	C:\windows\SYSTEM32\dhcpcsvc.DLL
0x0000000059bf0000 - 0x0000000059c01000 	C:\Program Files\Java\jdk1.8.0_151\jre\bin\nio.dll
0x000007fb4e1f0000 - 0x000007fb4e28c000 	C:\windows\SYSTEM32\DNSAPI.dll
0x000007fb42aa0000 - 0x000007fb42aa8000 	C:\Windows\System32\rasadhlp.dll
0x000007fb49710000 - 0x000007fb49771000 	C:\windows\System32\fwpuclnt.dll
0x000007fb4f030000 - 0x000007fb4f0c6000 	C:\windows\SYSTEM32\clbcatq.dll
0x000007fb4be20000 - 0x000007fb4bfb3000 	C:\windows\SYSTEM32\WindowsCodecs.dll
0x000007fb4a010000 - 0x000007fb4a03e000 	C:\Program Files\Common Files\Microsoft Shared\Ink\rtscom.dll
0x000007fb4abc0000 - 0x000007fb4af6e000 	C:\windows\SYSTEM32\d2d1.dll
0x000007fb4c4e0000 - 0x000007fb4c6db000 	C:\windows\SYSTEM32\d3d11.dll
0x000007fb4c6e0000 - 0x000007fb4c754000 	C:\windows\SYSTEM32\dxgi.dll
0x000007fb4a540000 - 0x000007fb4a768000 	C:\windows\SYSTEM32\D3D10Warp.dll
0x0000000058d30000 - 0x0000000058d42000 	C:\Program Files\Java\jdk1.8.0_151\jre\bin\prism_common.dll

VM Arguments:
jvm_args: -Dfile.encoding=UTF-8 
java_command: C:\Users\CE\Documents\NetBeansProjects\CarWashSystem\dist\run1443150023\CarWashSystem.jar
java_class_path (initial): C:\Users\CE\Documents\NetBeansProjects\CarWashSystem\dist\run1443150023\CarWashSystem.jar
Launcher Type: SUN_STANDARD

Environment Variables:
PATH=C:\ProgramData\Oracle\Java\javapath;C:\Program Files (x86)\Intel\iCLS Client\;C:\Program Files\Intel\iCLS Client\;C:\windows\system32;C:\windows;C:\windows\System32\Wbem;C:\windows\System32\WindowsPowerShell\v1.0\;C:\Program Files\Intel\Intel(R) Management Engine Components\DAL;C:\Program Files\Intel\Intel(R) Management Engine Components\IPT;C:\Program Files (x86)\Intel\Intel(R) Management Engine Components\DAL;C:\Program Files (x86)\Intel\Intel(R) Management Engine Components\IPT;C:\Program Files (x86)\Intel\OpenCL SDK\3.0\bin\x86;C:\Program Files (x86)\Intel\OpenCL SDK\3.0\bin\x64;C:\ProgramData\Lenovo\ReadyApps;C:\Program Files\Intel\WiFi\bin\;C:\Program Files\Common Files\Intel\WirelessCommon\;c:\Program Files (x86)\Microsoft SQL Server\100\Tools\Binn\;c:\Program Files\Microsoft SQL Server\100\Tools\Binn\;c:\Program Files\Microsoft SQL Server\100\DTS\Binn\;C:\Program Files (x86)\GtkSharp\2.12\bin;C:\Program Files (x86)\Common Files\Ulead Systems\MPEG;C:\Program Files\nodejs\;C:\Users\CE\AppData\Roaming\npm;C:\Users\CE\AppData\Local\GitHubDesktop\bin
USERNAME=CE
OS=Windows_NT
PROCESSOR_IDENTIFIER=Intel64 Family 6 Model 69 Stepping 1, GenuineIntel



---------------  S Y S T E M  ---------------

OS: Windows 8 , 64 bit Build 9200 (6.2.9200.16859)

CPU:total 4 (initial active 4) (2 cores per cpu, 2 threads per core) family 6 model 69 stepping 1, cmov, cx8, fxsr, mmx, sse, sse2, sse3, ssse3, sse4.1, sse4.2, popcnt, avx, avx2, aes, clmul, erms, lzcnt, ht, tsc, tscinvbit, bmi1, bmi2

Memory: 4k page, physical 4071700k(535488k free), swap 6119700k(4360k free)

vm_info: Java HotSpot(TM) 64-Bit Server VM (25.151-b12) for windows-amd64 JRE (1.8.0_151-b12), built on Sep  5 2017 19:33:46 by "java_re" with MS VC++ 10.0 (VS2010)

time: Wed Jun 06 12:49:26 2018
elapsed time: 16 seconds (0d 0h 0m 16s)

